Seoul_h/szb/build/outputs/logs/manifest-merger-debug-report.txt
-- Merging decision tree log ---
manifest
ADDED from src\main\AndroidManifest.xml:2:1-130:12
	package
		ADDED from src\main\AndroidManifest.xml:4:5-26
		INJECTED from src\main\AndroidManifest.xml
		INJECTED from src\main\AndroidManifest.xml
	android:versionName
		ADDED from src\main\AndroidManifest.xml:8:5-30
		INJECTED from src\main\AndroidManifest.xml
		INJECTED from src\main\AndroidManifest.xml
	xmlns:tools
		ADDED from src\main\AndroidManifest.xml:3:5-51
	android:versionCode
		ADDED from src\main\AndroidManifest.xml:7:5-28
		INJECTED from src\main\AndroidManifest.xml
		INJECTED from src\main\AndroidManifest.xml
	xmlns:android
		ADDED from src\main\AndroidManifest.xml:2:11-69
	android:installLocation
		ADDED from src\main\AndroidManifest.xml:5:5-45
	android:theme
		ADDED from src\main\AndroidManifest.xml:6:5-52
uses-sdk
ADDED from src\main\AndroidManifest.xml:10:5-12:41
MERGED from [io.realm:realm-android-library:3.0.0] AndroidManifest.xml:7:5-9:41
MERGED from [com.getkeepsafe.relinker:relinker:1.2.2] AndroidManifest.xml:7:5-43
MERGED from [Seoul_h:trafficsubway-release:unspecified] AndroidManifest.xml:7:5-9:41
MERGED from [com.android.support:design:25.3.1] AndroidManifest.xml:21:5-23:62
MERGED from [com.android.support:appcompat-v7:25.3.1] AndroidManifest.xml:21:5-23:78
MERGED from [com.android.support:animated-vector-drawable:25.3.1] AndroidManifest.xml:20:5-44
MERGED from [com.android.support:support-vector-drawable:25.3.1] AndroidManifest.xml:20:5-43
MERGED from [com.android.support:recyclerview-v7:25.3.1] AndroidManifest.xml:20:5-43
MERGED from [com.android.support:transition:25.3.1] AndroidManifest.xml:20:5-44
MERGED from [com.android.support.constraint:constraint-layout:1.0.2] AndroidManifest.xml:5:5-7:41
MERGED from [com.android.support:support-v4:25.3.1] AndroidManifest.xml:21:5-23:54
MERGED from [com.android.support:support-fragment:25.3.1] AndroidManifest.xml:21:5-23:60
MERGED from [com.android.support:support-media-compat:25.3.1] AndroidManifest.xml:21:5-23:63
MERGED from [com.android.support:support-core-ui:25.3.1] AndroidManifest.xml:21:5-23:58
MERGED from [com.android.support:support-core-utils:25.3.1] AndroidManifest.xml:21:5-23:61
MERGED from [com.android.support:support-compat:25.3.1] AndroidManifest.xml:21:5-23:58
MERGED from [com.android.support:cardview-v7:25.3.1] AndroidManifest.xml:20:5-43
	tools:overrideLibrary
		ADDED from [com.android.support:design:25.3.1] AndroidManifest.xml:23:9-59
	android:targetSdkVersion
		ADDED from src\main\AndroidManifest.xml:12:9-38
		INJECTED from src\main\AndroidManifest.xml
		INJECTED from src\main\AndroidManifest.xml
	android:minSdkVersion
		ADDED from src\main\AndroidManifest.xml:11:9-35
supports-screens
ADDED from src\main\AndroidManifest.xml:14:5-19:40
	android:largeScreens
		ADDED from src\main\AndroidManifest.xml:16:9-36
	android:smallScreens
		ADDED from src\main\AndroidManifest.xml:18:9-36
	android:normalScreens
		ADDED from src\main\AndroidManifest.xml:17:9-37
	android:xlargeScreens
		ADDED from src\main\AndroidManifest.xml:19:9-37
	android:anyDensity
		ADDED from src\main\AndroidManifest.xml:15:9-34
uses-feature#0x00020000
ADDED from src\main\AndroidManifest.xml:21:5-54
	android:glEsVersion
		ADDED from src\main\AndroidManifest.xml:21:19-51
uses-feature#android.hardware.vulkan
ADDED from src\main\AndroidManifest.xml:22:5-24:36
	android:required
		ADDED from src\main\AndroidManifest.xml:24:9-33
	android:name
		ADDED from src\main\AndroidManifest.xml:23:9-47
uses-permission#android.permission.INTERNET
ADDED from src\main\AndroidManifest.xml:26:5-67
MERGED from [Seoul_h:trafficsubway-release:unspecified] AndroidManifest.xml:11:5-67
	android:name
		ADDED from src\main\AndroidManifest.xml:26:22-64
uses-permission#android.permission.ACCESS_FINE_LOCATION
ADDED from src\main\AndroidManifest.xml:27:5-79
	android:name
		ADDED from src\main\AndroidManifest.xml:27:22-76
uses-feature#android.hardware.location.gps
ADDED from src\main\AndroidManifest.xml:29:5-31:36
	android:required
		ADDED from src\main\AndroidManifest.xml:31:9-33
	android:name
		ADDED from src\main\AndroidManifest.xml:30:9-53
uses-feature#android.hardware.location
ADDED from src\main\AndroidManifest.xml:32:5-34:36
	android:required
		ADDED from src\main\AndroidManifest.xml:34:9-33
	android:name
		ADDED from src\main\AndroidManifest.xml:33:9-49
uses-permission#android.permission.CAMERA
ADDED from src\main\AndroidManifest.xml:36:5-65
	android:name
		ADDED from src\main\AndroidManifest.xml:36:22-62
uses-feature#android.hardware.camera
ADDED from src\main\AndroidManifest.xml:38:5-40:36
	android:required
		ADDED from src\main\AndroidManifest.xml:40:9-33
	android:name
		ADDED from src\main\AndroidManifest.xml:39:9-47
uses-feature#android.hardware.camera.autofocus
ADDED from src\main\AndroidManifest.xml:41:5-43:36
	android:required
		ADDED from src\main\AndroidManifest.xml:43:9-33
	android:name
		ADDED from src\main\AndroidManifest.xml:42:9-57
uses-feature#android.hardware.camera.front
ADDED from src\main\AndroidManifest.xml:44:5-46:36
	android:required
		ADDED from src\main\AndroidManifest.xml:46:9-33
	android:name
		ADDED from src\main\AndroidManifest.xml:45:9-53
uses-feature#android.hardware.touchscreen
ADDED from src\main\AndroidManifest.xml:47:5-49:36
	android:required
		ADDED from src\main\AndroidManifest.xml:49:9-33
	android:name
		ADDED from src\main\AndroidManifest.xml:48:9-52
uses-feature#android.hardware.touchscreen.multitouch
ADDED from src\main\AndroidManifest.xml:50:5-52:36
	android:required
		ADDED from src\main\AndroidManifest.xml:52:9-33
	android:name
		ADDED from src\main\AndroidManifest.xml:51:9-63
uses-feature#android.hardware.touchscreen.multitouch.distinct
ADDED from src\main\AndroidManifest.xml:53:5-55:36
	android:required
		ADDED from src\main\AndroidManifest.xml:55:9-33
	android:name
		ADDED from src\main\AndroidManifest.xml:54:9-72
uses-permission#android.permission.READ_PHONE_STATE
ADDED from src\main\AndroidManifest.xml:57:5-75
	android:name
		ADDED from src\main\AndroidManifest.xml:57:22-72
uses-permission#android.permission.ACCESS_WIFI_STATE
ADDED from src\main\AndroidManifest.xml:58:5-76
	android:name
		ADDED from src\main\AndroidManifest.xml:58:22-73
uses-permission#android.permission.WRITE_EXTERNAL_STORAGE
ADDED from src\main\AndroidManifest.xml:59:5-81
	android:name
		ADDED from src\main\AndroidManifest.xml:59:22-78
uses-permission#android.permission.READ_EXTERNAL_STORAGE
ADDED from src\main\AndroidManifest.xml:60:5-80
	android:name
		ADDED from src\main\AndroidManifest.xml:60:22-77
application
ADDED from src\main\AndroidManifest.xml:62:5-128:19
MERGED from [Seoul_h:trafficsubway-release:unspecified] AndroidManifest.xml:13:5-30:19
MERGED from [com.android.support:design:25.3.1] AndroidManifest.xml:29:5-20
MERGED from [com.android.support:appcompat-v7:25.3.1] AndroidManifest.xml:29:5-20
MERGED from [com.android.support:animated-vector-drawable:25.3.1] AndroidManifest.xml:26:5-20
MERGED from [com.android.support:support-vector-drawable:25.3.1] AndroidManifest.xml:26:5-20
MERGED from [com.android.support:transition:25.3.1] AndroidManifest.xml:26:5-20
MERGED from [com.android.support.constraint:constraint-layout:1.0.2] AndroidManifest.xml:9:5-20
MERGED from [com.android.support:support-v4:25.3.1] AndroidManifest.xml:29:5-20
MERGED from [com.android.support:support-fragment:25.3.1] AndroidManifest.xml:29:5-20
MERGED from [com.android.support:support-media-compat:25.3.1] AndroidManifest.xml:29:5-20
MERGED from [com.android.support:support-core-ui:25.3.1] AndroidManifest.xml:29:5-20
MERGED from [com.android.support:support-core-utils:25.3.1] AndroidManifest.xml:29:5-20
MERGED from [com.android.support:support-compat:25.3.1] AndroidManifest.xml:29:5-20
MERGED from [com.android.support:cardview-v7:25.3.1] AndroidManifest.xml:26:5-20
	android:label
		ADDED from src\main\AndroidManifest.xml:67:9-41
	android:supportsRtl
		ADDED from [Seoul_h:trafficsubway-release:unspecified] AndroidManifest.xml:16:9-35
	android:icon
		ADDED from src\main\AndroidManifest.xml:65:9-42
	android:allowBackup
		ADDED from [Seoul_h:trafficsubway-release:unspecified] AndroidManifest.xml:14:9-35
	android:banner
		ADDED from src\main\AndroidManifest.xml:64:9-46
	android:theme
		ADDED from src\main\AndroidManifest.xml:68:9-67
	android:isGame
		ADDED from src\main\AndroidManifest.xml:66:9-30
	android:name
		ADDED from src\main\AndroidManifest.xml:63:9-34
activity#com.szb.szb.UnityPlayerActivity
ADDED from src\main\AndroidManifest.xml:69:9-81:20
	android:screenOrientation
		ADDED from src\main\AndroidManifest.xml:74:13-49
	android:label
		ADDED from src\main\AndroidManifest.xml:72:13-45
	android:launchMode
		ADDED from src\main\AndroidManifest.xml:73:13-44
	android:configChanges
		ADDED from src\main\AndroidManifest.xml:71:13-186
	android:name
		ADDED from src\main\AndroidManifest.xml:70:13-48
meta-data#unityplayer.UnityActivity
ADDED from src\main\AndroidManifest.xml:75:13-77:40
	android:value
		ADDED from src\main\AndroidManifest.xml:77:17-37
	android:name
		ADDED from src\main\AndroidManifest.xml:76:17-57
meta-data#unityplayer.ForwardNativeEventsToDalvik
ADDED from src\main\AndroidManifest.xml:78:13-80:41
	android:value
		ADDED from src\main\AndroidManifest.xml:80:17-38
	android:name
		ADDED from src\main\AndroidManifest.xml:79:17-71
activity#com.szb.szb.GameActivity
ADDED from src\main\AndroidManifest.xml:82:9-86:72
	android:process
		ADDED from src\main\AndroidManifest.xml:85:13-43
	android:launchMode
		ADDED from src\main\AndroidManifest.xml:84:13-44
	android:theme
		ADDED from src\main\AndroidManifest.xml:86:13-69
	android:name
		ADDED from src\main\AndroidManifest.xml:83:13-41
activity#com.szb.szb.Home.Home_Main
ADDED from src\main\AndroidManifest.xml:87:9-91:67
	android:windowSoftInputMode
		ADDED from src\main\AndroidManifest.xml:91:13-64
	android:configChanges
		ADDED from src\main\AndroidManifest.xml:89:13-57
	android:theme
		ADDED from src\main\AndroidManifest.xml:90:13-69
	android:name
		ADDED from src\main\AndroidManifest.xml:88:13-43
activity#com.szb.szb.start_pack.MainActivity
ADDED from src\main\AndroidManifest.xml:92:9-94:72
	android:theme
		ADDED from src\main\AndroidManifest.xml:94:13-69
	android:name
		ADDED from src\main\AndroidManifest.xml:93:13-52
activity#com.szb.szb.start_pack.SplashActivity
ADDED from src\main\AndroidManifest.xml:95:9-103:20
	android:theme
		ADDED from src\main\AndroidManifest.xml:97:13-69
	android:name
		ADDED from src\main\AndroidManifest.xml:96:13-54
intent-filter#android.intent.action.MAIN+android.intent.category.LAUNCHER
ADDED from src\main\AndroidManifest.xml:98:13-102:29
action#android.intent.action.MAIN
ADDED from src\main\AndroidManifest.xml:99:17-69
	android:name
		ADDED from src\main\AndroidManifest.xml:99:25-66
category#android.intent.category.LAUNCHER
ADDED from src\main\AndroidManifest.xml:101:17-77
	android:name
		ADDED from src\main\AndroidManifest.xml:101:27-74
activity#com.szb.szb.start_pack.TutorialActivity
ADDED from src\main\AndroidManifest.xml:104:9-106:72
	android:theme
		ADDED from src\main\AndroidManifest.xml:106:13-69
	android:name
		ADDED from src\main\AndroidManifest.xml:105:13-56
activity#com.szb.szb.start_pack.SettingActivity
ADDED from src\main\AndroidManifest.xml:107:9-109:72
	android:theme
		ADDED from src\main\AndroidManifest.xml:109:13-69
	android:name
		ADDED from src\main\AndroidManifest.xml:108:13-55
activity#com.szb.szb.start_pack.registerpack.JoinActivity
ADDED from src\main\AndroidManifest.xml:110:9-111:71
	android:theme
		ADDED from src\main\AndroidManifest.xml:111:13-69
	android:name
		ADDED from src\main\AndroidManifest.xml:110:19-71
activity#com.szb.szb.Home.frag.Frag_Map
ADDED from src\main\AndroidManifest.xml:112:9-56
	android:name
		ADDED from src\main\AndroidManifest.xml:112:19-53
activity#com.szb.szb.start_pack.registerpack.FindIdActivity
ADDED from src\main\AndroidManifest.xml:113:9-115:72
	android:theme
		ADDED from src\main\AndroidManifest.xml:115:13-69
	android:name
		ADDED from src\main\AndroidManifest.xml:114:13-67
activity#com.szb.szb.start_pack.registerpack.FindPassActivity
ADDED from src\main\AndroidManifest.xml:116:9-118:72
	android:theme
		ADDED from src\main\AndroidManifest.xml:118:13-69
	android:name
		ADDED from src\main\AndroidManifest.xml:117:13-69
activity#com.szb.szb.start_pack.registerpack.CodeinsertActivity
ADDED from src\main\AndroidManifest.xml:119:9-121:72
	android:theme
		ADDED from src\main\AndroidManifest.xml:121:13-69
	android:name
		ADDED from src\main\AndroidManifest.xml:120:13-71
activity#com.szb.szb.start_pack.registerpack.NewpasswordActivity
ADDED from src\main\AndroidManifest.xml:122:9-124:72
	android:theme
		ADDED from src\main\AndroidManifest.xml:124:13-69
	android:name
		ADDED from src\main\AndroidManifest.xml:123:13-72
activity#com.szb.szb.start_pack.registerpack.EditprofileActivity
ADDED from src\main\AndroidManifest.xml:125:9-127:72
	android:theme
		ADDED from src\main\AndroidManifest.xml:127:13-69
	android:name
		ADDED from src\main\AndroidManifest.xml:126:13-72
activity#kr.go.seoul.trafficsubway.TrafficSubwayDetailTypeA
ADDED from [Seoul_h:trafficsubway-release:unspecified] AndroidManifest.xml:17:9-19:52
	android:screenOrientation
		ADDED from [Seoul_h:trafficsubway-release:unspecified] AndroidManifest.xml:19:13-49
	android:name
		ADDED from [Seoul_h:trafficsubway-release:unspecified] AndroidManifest.xml:18:13-78
activity#kr.go.seoul.trafficsubway.TrafficSubwayInfoTypeA
ADDED from [Seoul_h:trafficsubway-release:unspecified] AndroidManifest.xml:20:9-23:59
	android:screenOrientation
		ADDED from [Seoul_h:trafficsubway-release:unspecified] AndroidManifest.xml:22:13-49
	android:theme
		ADDED from [Seoul_h:trafficsubway-release:unspecified] AndroidManifest.xml:23:13-56
	android:name
		ADDED from [Seoul_h:trafficsubway-release:unspecified] AndroidManifest.xml:21:13-76
activity#kr.go.seoul.trafficsubway.TrafficSubwayDetailTypeB
ADDED from [Seoul_h:trafficsubway-release:unspecified] AndroidManifest.xml:24:9-26:52
	android:screenOrientation
		ADDED from [Seoul_h:trafficsubway-release:unspecified] AndroidManifest.xml:26:13-49
	android:name
		ADDED from [Seoul_h:trafficsubway-release:unspecified] AndroidManifest.xml:25:13-78
activity#kr.go.seoul.trafficsubway.TrafficSubwayInfoTypeB
ADDED from [Seoul_h:trafficsubway-release:unspecified] AndroidManifest.xml:27:9-29:52
	android:screenOrientation
		ADDED from [Seoul_h:trafficsubway-release:unspecified] AndroidManifest.xml:29:13-49
	android:name
		ADDED from [Seoul_h:trafficsubway-release:unspecified] AndroidManifest.xml:28:13-76
meta-data#android.support.VERSION
ADDED from [com.android.support:design:25.3.1] AndroidManifest.xml:25:5-27:34
MERGED from [com.android.support:appcompat-v7:25.3.1] AndroidManifest.xml:25:5-27:34
MERGED from [com.android.support:animated-vector-drawable:25.3.1] AndroidManifest.xml:22:5-24:34
MERGED from [com.android.support:support-vector-drawable:25.3.1] AndroidManifest.xml:22:5-24:34
MERGED from [com.android.support:recyclerview-v7:25.3.1] AndroidManifest.xml:22:5-24:34
MERGED from [com.android.support:transition:25.3.1] AndroidManifest.xml:22:5-24:34
MERGED from [com.android.support:support-v4:25.3.1] AndroidManifest.xml:25:5-27:34
MERGED from [com.android.support:support-fragment:25.3.1] AndroidManifest.xml:25:5-27:34
MERGED from [com.android.support:support-media-compat:25.3.1] AndroidManifest.xml:25:5-27:34
MERGED from [com.android.support:support-core-ui:25.3.1] AndroidManifest.xml:25:5-27:34
MERGED from [com.android.support:support-core-utils:25.3.1] AndroidManifest.xml:25:5-27:34
MERGED from [com.android.support:support-compat:25.3.1] AndroidManifest.xml:25:5-27:34
MERGED from [com.android.support:cardview-v7:25.3.1] AndroidManifest.xml:22:5-24:34
	android:value
		ADDED from [com.android.support:design:25.3.1] AndroidManifest.xml:27:9-31
	android:name
		ADDED from [com.android.support:design:25.3.1] AndroidManifest.xml:26:9-47